2020-06-17 14:29:53.553  INFO 9337 --- [restartedMain] p.k.t.e.c.CentralSystemApplication       : Starting CentralSystemApplication on lenovo-Lenovo-Z51-70 with PID 9337 (/home/lenovo/dev/magisterka/employee-car-rental/central-system/target/classes started by lenovo in /home/lenovo/dev/magisterka/employee-car-rental/central-system)
2020-06-17 14:29:53.597  INFO 9337 --- [restartedMain] p.k.t.e.c.CentralSystemApplication       : The following profiles are active: prod
2020-06-17 14:29:53.720  INFO 9337 --- [restartedMain] o.s.b.devtools.restart.ChangeableUrls    : The Class-Path manifest attribute in /home/lenovo/.m2/repository/org/glassfish/jaxb/jaxb-runtime/2.3.2/jaxb-runtime-2.3.2.jar referenced one or more files that do not exist: file:/home/lenovo/.m2/repository/org/glassfish/jaxb/jaxb-runtime/2.3.2/jakarta.xml.bind-api-2.3.2.jar,file:/home/lenovo/.m2/repository/org/glassfish/jaxb/jaxb-runtime/2.3.2/txw2-2.3.2.jar,file:/home/lenovo/.m2/repository/org/glassfish/jaxb/jaxb-runtime/2.3.2/istack-commons-runtime-3.0.8.jar,file:/home/lenovo/.m2/repository/org/glassfish/jaxb/jaxb-runtime/2.3.2/stax-ex-1.8.1.jar,file:/home/lenovo/.m2/repository/org/glassfish/jaxb/jaxb-runtime/2.3.2/FastInfoset-1.2.16.jar,file:/home/lenovo/.m2/repository/org/glassfish/jaxb/jaxb-runtime/2.3.2/jakarta.activation-api-1.2.1.jar
2020-06-17 14:29:53.721  INFO 9337 --- [restartedMain] .e.DevToolsPropertyDefaultsPostProcessor : Devtools property defaults active! Set 'spring.devtools.add-properties' to 'false' to disable
2020-06-17 14:29:53.721  INFO 9337 --- [restartedMain] .e.DevToolsPropertyDefaultsPostProcessor : For additional web related logging consider setting the 'logging.level.web' property to 'DEBUG'
2020-06-17 14:29:54.672  INFO 9337 --- [restartedMain] .s.d.r.c.RepositoryConfigurationDelegate : Bootstrapping Spring Data repositories in DEFAULT mode.
2020-06-17 14:29:54.751  INFO 9337 --- [restartedMain] .s.d.r.c.RepositoryConfigurationDelegate : Finished Spring Data repository scanning in 71ms. Found 5 repository interfaces.
2020-06-17 14:29:55.072  INFO 9337 --- [restartedMain] trationDelegate$BeanPostProcessorChecker : Bean 'org.springframework.transaction.annotation.ProxyTransactionManagementConfiguration' of type [org.springframework.transaction.annotation.ProxyTransactionManagementConfiguration] is not eligible for getting processed by all BeanPostProcessors (for example: not eligible for auto-proxying)
2020-06-17 14:29:55.349  INFO 9337 --- [restartedMain] o.s.b.w.embedded.tomcat.TomcatWebServer  : Tomcat initialized with port(s): 8000 (http)
2020-06-17 14:29:55.357  INFO 9337 --- [restartedMain] o.apache.catalina.core.StandardService   : Starting service [Tomcat]
2020-06-17 14:29:55.358  INFO 9337 --- [restartedMain] org.apache.catalina.core.StandardEngine  : Starting Servlet engine: [Apache Tomcat/9.0.27]
2020-06-17 14:29:55.421  INFO 9337 --- [restartedMain] o.a.c.c.C.[Tomcat].[localhost].[/]       : Initializing Spring embedded WebApplicationContext
2020-06-17 14:29:55.421  INFO 9337 --- [restartedMain] o.s.web.context.ContextLoader            : Root WebApplicationContext: initialization completed in 1700 ms
2020-06-17 14:29:55.565  INFO 9337 --- [restartedMain] o.hibernate.jpa.internal.util.LogHelper  : HHH000204: Processing PersistenceUnitInfo [name: default]
2020-06-17 14:29:55.627  INFO 9337 --- [restartedMain] org.hibernate.Version                    : HHH000412: Hibernate Core {5.4.8.Final}
2020-06-17 14:29:55.735  INFO 9337 --- [restartedMain] o.hibernate.annotations.common.Version   : HCANN000001: Hibernate Commons Annotations {5.1.0.Final}
2020-06-17 14:29:55.806  INFO 9337 --- [restartedMain] com.zaxxer.hikari.HikariDataSource       : employee_car_rental_db - Starting...
2020-06-17 14:29:55.884  INFO 9337 --- [restartedMain] com.zaxxer.hikari.HikariDataSource       : employee_car_rental_db - Start completed.
2020-06-17 14:29:55.913  INFO 9337 --- [restartedMain] org.hibernate.dialect.Dialect            : HHH000400: Using dialect: org.hibernate.dialect.PostgreSQL95Dialect
2020-06-17 14:29:56.570  WARN 9337 --- [restartedMain] o.h.engine.jdbc.spi.SqlExceptionHelper   : SQL Warning Code: 0, SQLState: 00000
2020-06-17 14:29:56.570  WARN 9337 --- [restartedMain] o.h.engine.jdbc.spi.SqlExceptionHelper   : relation "inspection" does not exist, skipping
2020-06-17 14:29:56.571  WARN 9337 --- [restartedMain] o.h.engine.jdbc.spi.SqlExceptionHelper   : SQL Warning Code: 0, SQLState: 00000
2020-06-17 14:29:56.571  WARN 9337 --- [restartedMain] o.h.engine.jdbc.spi.SqlExceptionHelper   : relation "inspection" does not exist, skipping
2020-06-17 14:29:56.572  WARN 9337 --- [restartedMain] o.h.engine.jdbc.spi.SqlExceptionHelper   : SQL Warning Code: 0, SQLState: 00000
2020-06-17 14:29:56.572  WARN 9337 --- [restartedMain] o.h.engine.jdbc.spi.SqlExceptionHelper   : relation "rental" does not exist, skipping
2020-06-17 14:29:56.572  WARN 9337 --- [restartedMain] o.h.engine.jdbc.spi.SqlExceptionHelper   : SQL Warning Code: 0, SQLState: 00000
2020-06-17 14:29:56.572  WARN 9337 --- [restartedMain] o.h.engine.jdbc.spi.SqlExceptionHelper   : relation "rental" does not exist, skipping
2020-06-17 14:29:56.573  WARN 9337 --- [restartedMain] o.h.engine.jdbc.spi.SqlExceptionHelper   : SQL Warning Code: 0, SQLState: 00000
2020-06-17 14:29:56.573  WARN 9337 --- [restartedMain] o.h.engine.jdbc.spi.SqlExceptionHelper   : table "car" does not exist, skipping
2020-06-17 14:29:56.574  WARN 9337 --- [restartedMain] o.h.engine.jdbc.spi.SqlExceptionHelper   : SQL Warning Code: 0, SQLState: 00000
2020-06-17 14:29:56.574  WARN 9337 --- [restartedMain] o.h.engine.jdbc.spi.SqlExceptionHelper   : table "inspection" does not exist, skipping
2020-06-17 14:29:56.574  WARN 9337 --- [restartedMain] o.h.engine.jdbc.spi.SqlExceptionHelper   : SQL Warning Code: 0, SQLState: 00000
2020-06-17 14:29:56.574  WARN 9337 --- [restartedMain] o.h.engine.jdbc.spi.SqlExceptionHelper   : table "message" does not exist, skipping
2020-06-17 14:29:56.575  WARN 9337 --- [restartedMain] o.h.engine.jdbc.spi.SqlExceptionHelper   : SQL Warning Code: 0, SQLState: 00000
2020-06-17 14:29:56.575  WARN 9337 --- [restartedMain] o.h.engine.jdbc.spi.SqlExceptionHelper   : table "rental" does not exist, skipping
2020-06-17 14:29:56.576  WARN 9337 --- [restartedMain] o.h.engine.jdbc.spi.SqlExceptionHelper   : SQL Warning Code: 0, SQLState: 00000
2020-06-17 14:29:56.577  WARN 9337 --- [restartedMain] o.h.engine.jdbc.spi.SqlExceptionHelper   : table "users" does not exist, skipping
2020-06-17 14:29:56.645  INFO 9337 --- [restartedMain] o.h.e.t.j.p.i.JtaPlatformInitiator       : HHH000490: Using JtaPlatform implementation: [org.hibernate.engine.transaction.jta.platform.internal.NoJtaPlatform]
2020-06-17 14:29:56.652  INFO 9337 --- [restartedMain] j.LocalContainerEntityManagerFactoryBean : Initialized JPA EntityManagerFactory for persistence unit 'default'
2020-06-17 14:29:56.681  INFO 9337 --- [restartedMain] o.s.b.d.a.OptionalLiveReloadServer       : LiveReload server is running on port 35729
2020-06-17 14:29:57.392  INFO 9337 --- [restartedMain] o.s.s.web.DefaultSecurityFilterChain     : Creating filter chain: any request, [org.springframework.security.web.context.request.async.WebAsyncManagerIntegrationFilter@b48bc37, org.springframework.security.web.context.SecurityContextPersistenceFilter@55bdcc4a, org.springframework.security.web.header.HeaderWriterFilter@54e90ac0, org.springframework.security.web.csrf.CsrfFilter@5211269e, org.springframework.security.web.authentication.logout.LogoutFilter@6f0616b, org.springframework.security.web.authentication.UsernamePasswordAuthenticationFilter@6fbfe5f, org.springframework.security.web.savedrequest.RequestCacheAwareFilter@1edb9325, org.springframework.security.web.servletapi.SecurityContextHolderAwareRequestFilter@7ca34b41, org.springframework.security.web.authentication.AnonymousAuthenticationFilter@636ca761, org.springframework.security.web.session.SessionManagementFilter@6b24021e, org.springframework.security.web.access.ExceptionTranslationFilter@1933c1ac, org.springframework.security.web.access.intercept.FilterSecurityInterceptor@22b62c28]
2020-06-17 14:29:57.518  INFO 9337 --- [restartedMain] o.s.s.concurrent.ThreadPoolTaskExecutor  : Initializing ExecutorService 'applicationTaskExecutor'
2020-06-17 14:29:57.575  INFO 9337 --- [restartedMain] o.s.b.a.w.s.WelcomePageHandlerMapping    : Adding welcome page: class path resource [static/index.html]
2020-06-17 14:29:57.766  INFO 9337 --- [restartedMain] o.s.b.w.embedded.tomcat.TomcatWebServer  : Tomcat started on port(s): 8000 (http) with context path ''
2020-06-17 14:29:57.770  INFO 9337 --- [restartedMain] p.k.t.e.c.CentralSystemApplication       : Started CentralSystemApplication in 5.086 seconds (JVM running for 6.346)
2020-06-17 14:30:20.368  INFO 9337 --- [http-nio-8000-exec-1] o.a.c.c.C.[Tomcat].[localhost].[/]       : Initializing Spring DispatcherServlet 'dispatcherServlet'
2020-06-17 14:30:20.369  INFO 9337 --- [http-nio-8000-exec-1] o.s.web.servlet.DispatcherServlet        : Initializing Servlet 'dispatcherServlet'
2020-06-17 14:30:20.380  INFO 9337 --- [http-nio-8000-exec-1] o.s.web.servlet.DispatcherServlet        : Completed initialization in 10 ms
2020-06-17 14:33:05.292  INFO 9337 --- [http-nio-8000-exec-2] p.k.t.e.c.rental.service.RentalService   : Method getAllActiveByUserId called for user Id: 20ebd0bf-f4b8-4ad0-b1eb-01d373250368
2020-06-17 14:33:48.040  INFO 9337 --- [http-nio-8000-exec-8] p.k.t.e.c.rental.service.RentalService   : Method getAllActiveByUserId called for user Id: 20ebd0bf-f4b8-4ad0-b1eb-01d373250368
2020-06-17 14:33:49.350  INFO 9337 --- [http-nio-8000-exec-3] p.k.t.e.c.rental.service.RentalService   : Method getAllActiveByUserId called for user Id: 20ebd0bf-f4b8-4ad0-b1eb-01d373250368
2020-06-17 14:34:01.331  INFO 9337 --- [http-nio-8000-exec-6] p.k.t.e.c.rental.service.RentalService   : Method getAllActiveByUserId called for user Id: 20ebd0bf-f4b8-4ad0-b1eb-01d373250368
2020-06-17 14:34:04.306  INFO 9337 --- [http-nio-8000-exec-9] p.k.t.e.c.rental.service.RentalService   : Method getAllActiveByUserId called for user Id: 20ebd0bf-f4b8-4ad0-b1eb-01d373250368
2020-06-17 14:34:06.131  INFO 9337 --- [http-nio-8000-exec-2] p.k.t.e.c.rental.service.RentalService   : Method getAllActiveByUserId called for user Id: 20ebd0bf-f4b8-4ad0-b1eb-01d373250368
2020-06-17 14:34:23.720  INFO 9337 --- [http-nio-8000-exec-8] p.k.t.e.c.rental.service.RentalService   : Method getAllActiveByUserId called for user Id: 20ebd0bf-f4b8-4ad0-b1eb-01d373250368
2020-06-17 14:34:48.423  INFO 9337 --- [http-nio-8000-exec-3] p.k.t.e.c.rental.service.RentalService   : Method getAllActiveByUserId called for user Id: 20ebd0bf-f4b8-4ad0-b1eb-01d373250368
2020-06-17 14:35:36.334  INFO 9337 --- [http-nio-8000-exec-5] p.k.t.e.c.rental.service.RentalService   : Method getAllActiveByUserId called for user Id: 20ebd0bf-f4b8-4ad0-b1eb-01d373250368
2020-06-17 14:35:43.603  INFO 9337 --- [http-nio-8000-exec-10] p.k.t.e.c.rental.service.RentalService   : Method getAllActiveByUserId called for user Id: 20ebd0bf-f4b8-4ad0-b1eb-01d373250368
2020-06-17 14:35:44.389  INFO 9337 --- [http-nio-8000-exec-2] p.k.t.e.c.rental.service.RentalService   : Method getAllActiveByUserId called for user Id: 20ebd0bf-f4b8-4ad0-b1eb-01d373250368
2020-06-17 14:36:23.209  INFO 9337 --- [http-nio-8000-exec-8] p.k.t.e.c.rental.service.RentalService   : Method getAllActiveByUserId called for user Id: 20ebd0bf-f4b8-4ad0-b1eb-01d373250368
2020-06-17 14:38:19.229  INFO 9337 --- [http-nio-8000-exec-2] p.k.t.e.c.rental.service.RentalService   : Method getAllActiveByUserId called for user Id: 20ebd0bf-f4b8-4ad0-b1eb-01d373250368
2020-06-17 15:44:41.478 ERROR 9337 --- [http-nio-8000-exec-2] w.a.UsernamePasswordAuthenticationFilter : An internal error occurred while trying to authenticate the user.

org.springframework.security.authentication.InternalAuthenticationServiceException: No value present
	at org.springframework.security.authentication.dao.DaoAuthenticationProvider.retrieveUser(DaoAuthenticationProvider.java:123) ~[spring-security-core-5.2.1.RELEASE.jar:5.2.1.RELEASE]
	at org.springframework.security.authentication.dao.AbstractUserDetailsAuthenticationProvider.authenticate(AbstractUserDetailsAuthenticationProvider.java:144) ~[spring-security-core-5.2.1.RELEASE.jar:5.2.1.RELEASE]
	at org.springframework.security.authentication.ProviderManager.authenticate(ProviderManager.java:175) ~[spring-security-core-5.2.1.RELEASE.jar:5.2.1.RELEASE]
	at org.springframework.security.authentication.ProviderManager.authenticate(ProviderManager.java:195) ~[spring-security-core-5.2.1.RELEASE.jar:5.2.1.RELEASE]
	at org.springframework.security.web.authentication.UsernamePasswordAuthenticationFilter.attemptAuthentication(UsernamePasswordAuthenticationFilter.java:95) ~[spring-security-web-5.2.1.RELEASE.jar:5.2.1.RELEASE]
	at org.springframework.security.web.authentication.AbstractAuthenticationProcessingFilter.doFilter(AbstractAuthenticationProcessingFilter.java:212) ~[spring-security-web-5.2.1.RELEASE.jar:5.2.1.RELEASE]
	at org.springframework.security.web.FilterChainProxy$VirtualFilterChain.doFilter(FilterChainProxy.java:334) ~[spring-security-web-5.2.1.RELEASE.jar:5.2.1.RELEASE]
	at org.springframework.security.web.authentication.logout.LogoutFilter.doFilter(LogoutFilter.java:116) ~[spring-security-web-5.2.1.RELEASE.jar:5.2.1.RELEASE]
	at org.springframework.security.web.FilterChainProxy$VirtualFilterChain.doFilter(FilterChainProxy.java:334) ~[spring-security-web-5.2.1.RELEASE.jar:5.2.1.RELEASE]
	at org.springframework.security.web.csrf.CsrfFilter.doFilterInternal(CsrfFilter.java:141) ~[spring-security-web-5.2.1.RELEASE.jar:5.2.1.RELEASE]
	at org.springframework.web.filter.OncePerRequestFilter.doFilter(OncePerRequestFilter.java:119) ~[spring-web-5.2.1.RELEASE.jar:5.2.1.RELEASE]
	at org.springframework.security.web.FilterChainProxy$VirtualFilterChain.doFilter(FilterChainProxy.java:334) ~[spring-security-web-5.2.1.RELEASE.jar:5.2.1.RELEASE]
	at org.springframework.security.web.header.HeaderWriterFilter.doHeadersAfter(HeaderWriterFilter.java:92) ~[spring-security-web-5.2.1.RELEASE.jar:5.2.1.RELEASE]
	at org.springframework.security.web.header.HeaderWriterFilter.doFilterInternal(HeaderWriterFilter.java:77) ~[spring-security-web-5.2.1.RELEASE.jar:5.2.1.RELEASE]
	at org.springframework.web.filter.OncePerRequestFilter.doFilter(OncePerRequestFilter.java:119) ~[spring-web-5.2.1.RELEASE.jar:5.2.1.RELEASE]
	at org.springframework.security.web.FilterChainProxy$VirtualFilterChain.doFilter(FilterChainProxy.java:334) ~[spring-security-web-5.2.1.RELEASE.jar:5.2.1.RELEASE]
	at org.springframework.security.web.context.SecurityContextPersistenceFilter.doFilter(SecurityContextPersistenceFilter.java:105) ~[spring-security-web-5.2.1.RELEASE.jar:5.2.1.RELEASE]
	at org.springframework.security.web.FilterChainProxy$VirtualFilterChain.doFilter(FilterChainProxy.java:334) ~[spring-security-web-5.2.1.RELEASE.jar:5.2.1.RELEASE]
	at org.springframework.security.web.context.request.async.WebAsyncManagerIntegrationFilter.doFilterInternal(WebAsyncManagerIntegrationFilter.java:56) ~[spring-security-web-5.2.1.RELEASE.jar:5.2.1.RELEASE]
	at org.springframework.web.filter.OncePerRequestFilter.doFilter(OncePerRequestFilter.java:119) ~[spring-web-5.2.1.RELEASE.jar:5.2.1.RELEASE]
	at org.springframework.security.web.FilterChainProxy$VirtualFilterChain.doFilter(FilterChainProxy.java:334) ~[spring-security-web-5.2.1.RELEASE.jar:5.2.1.RELEASE]
	at org.springframework.security.web.FilterChainProxy.doFilterInternal(FilterChainProxy.java:215) ~[spring-security-web-5.2.1.RELEASE.jar:5.2.1.RELEASE]
	at org.springframework.security.web.FilterChainProxy.doFilter(FilterChainProxy.java:178) ~[spring-security-web-5.2.1.RELEASE.jar:5.2.1.RELEASE]
	at org.springframework.web.filter.DelegatingFilterProxy.invokeDelegate(DelegatingFilterProxy.java:358) ~[spring-web-5.2.1.RELEASE.jar:5.2.1.RELEASE]
	at org.springframework.web.filter.DelegatingFilterProxy.doFilter(DelegatingFilterProxy.java:271) ~[spring-web-5.2.1.RELEASE.jar:5.2.1.RELEASE]
	at org.apache.catalina.core.ApplicationFilterChain.internalDoFilter(ApplicationFilterChain.java:193) ~[tomcat-embed-core-9.0.27.jar:9.0.27]
	at org.apache.catalina.core.ApplicationFilterChain.doFilter(ApplicationFilterChain.java:166) ~[tomcat-embed-core-9.0.27.jar:9.0.27]
	at org.springframework.web.filter.RequestContextFilter.doFilterInternal(RequestContextFilter.java:100) ~[spring-web-5.2.1.RELEASE.jar:5.2.1.RELEASE]
	at org.springframework.web.filter.OncePerRequestFilter.doFilter(OncePerRequestFilter.java:119) ~[spring-web-5.2.1.RELEASE.jar:5.2.1.RELEASE]
	at org.apache.catalina.core.ApplicationFilterChain.internalDoFilter(ApplicationFilterChain.java:193) ~[tomcat-embed-core-9.0.27.jar:9.0.27]
	at org.apache.catalina.core.ApplicationFilterChain.doFilter(ApplicationFilterChain.java:166) ~[tomcat-embed-core-9.0.27.jar:9.0.27]
	at org.springframework.web.filter.FormContentFilter.doFilterInternal(FormContentFilter.java:93) ~[spring-web-5.2.1.RELEASE.jar:5.2.1.RELEASE]
	at org.springframework.web.filter.OncePerRequestFilter.doFilter(OncePerRequestFilter.java:119) ~[spring-web-5.2.1.RELEASE.jar:5.2.1.RELEASE]
	at org.apache.catalina.core.ApplicationFilterChain.internalDoFilter(ApplicationFilterChain.java:193) ~[tomcat-embed-core-9.0.27.jar:9.0.27]
	at org.apache.catalina.core.ApplicationFilterChain.doFilter(ApplicationFilterChain.java:166) ~[tomcat-embed-core-9.0.27.jar:9.0.27]
	at org.springframework.web.filter.CharacterEncodingFilter.doFilterInternal(CharacterEncodingFilter.java:201) ~[spring-web-5.2.1.RELEASE.jar:5.2.1.RELEASE]
	at org.springframework.web.filter.OncePerRequestFilter.doFilter(OncePerRequestFilter.java:119) ~[spring-web-5.2.1.RELEASE.jar:5.2.1.RELEASE]
	at org.apache.catalina.core.ApplicationFilterChain.internalDoFilter(ApplicationFilterChain.java:193) ~[tomcat-embed-core-9.0.27.jar:9.0.27]
	at org.apache.catalina.core.ApplicationFilterChain.doFilter(ApplicationFilterChain.java:166) ~[tomcat-embed-core-9.0.27.jar:9.0.27]
	at org.apache.catalina.core.StandardWrapperValve.invoke(StandardWrapperValve.java:202) ~[tomcat-embed-core-9.0.27.jar:9.0.27]
	at org.apache.catalina.core.StandardContextValve.invoke(StandardContextValve.java:96) ~[tomcat-embed-core-9.0.27.jar:9.0.27]
	at org.apache.catalina.authenticator.AuthenticatorBase.invoke(AuthenticatorBase.java:526) ~[tomcat-embed-core-9.0.27.jar:9.0.27]
	at org.apache.catalina.core.StandardHostValve.invoke(StandardHostValve.java:139) ~[tomcat-embed-core-9.0.27.jar:9.0.27]
	at org.apache.catalina.valves.ErrorReportValve.invoke(ErrorReportValve.java:92) ~[tomcat-embed-core-9.0.27.jar:9.0.27]
	at org.apache.catalina.core.StandardEngineValve.invoke(StandardEngineValve.java:74) ~[tomcat-embed-core-9.0.27.jar:9.0.27]
	at org.apache.catalina.connector.CoyoteAdapter.service(CoyoteAdapter.java:343) ~[tomcat-embed-core-9.0.27.jar:9.0.27]
	at org.apache.coyote.http11.Http11Processor.service(Http11Processor.java:408) ~[tomcat-embed-core-9.0.27.jar:9.0.27]
	at org.apache.coyote.AbstractProcessorLight.process(AbstractProcessorLight.java:66) ~[tomcat-embed-core-9.0.27.jar:9.0.27]
	at org.apache.coyote.AbstractProtocol$ConnectionHandler.process(AbstractProtocol.java:861) ~[tomcat-embed-core-9.0.27.jar:9.0.27]
	at org.apache.tomcat.util.net.NioEndpoint$SocketProcessor.doRun(NioEndpoint.java:1579) ~[tomcat-embed-core-9.0.27.jar:9.0.27]
	at org.apache.tomcat.util.net.SocketProcessorBase.run(SocketProcessorBase.java:49) ~[tomcat-embed-core-9.0.27.jar:9.0.27]
	at java.base/java.util.concurrent.ThreadPoolExecutor.runWorker(ThreadPoolExecutor.java:1128) ~[na:na]
	at java.base/java.util.concurrent.ThreadPoolExecutor$Worker.run(ThreadPoolExecutor.java:628) ~[na:na]
	at org.apache.tomcat.util.threads.TaskThread$WrappingRunnable.run(TaskThread.java:61) ~[tomcat-embed-core-9.0.27.jar:9.0.27]
	at java.base/java.lang.Thread.run(Thread.java:834) ~[na:na]
Caused by: java.util.NoSuchElementException: No value present
	at java.base/java.util.Optional.orElseThrow(Optional.java:382) ~[na:na]
	at pl.kreft.thesis.ecr.centralsystem.user.service.UserDetailsProvider.loadUserByUsername(UserDetailsProvider.java:29) ~[classes/:na]
	at org.springframework.security.authentication.dao.DaoAuthenticationProvider.retrieveUser(DaoAuthenticationProvider.java:108) ~[spring-security-core-5.2.1.RELEASE.jar:5.2.1.RELEASE]
	... 54 common frames omitted

2020-06-17 15:48:20.564 ERROR 9337 --- [http-nio-8000-exec-4] w.a.UsernamePasswordAuthenticationFilter : An internal error occurred while trying to authenticate the user.

org.springframework.security.authentication.InternalAuthenticationServiceException: No value present
	at org.springframework.security.authentication.dao.DaoAuthenticationProvider.retrieveUser(DaoAuthenticationProvider.java:123) ~[spring-security-core-5.2.1.RELEASE.jar:5.2.1.RELEASE]
	at org.springframework.security.authentication.dao.AbstractUserDetailsAuthenticationProvider.authenticate(AbstractUserDetailsAuthenticationProvider.java:144) ~[spring-security-core-5.2.1.RELEASE.jar:5.2.1.RELEASE]
	at org.springframework.security.authentication.ProviderManager.authenticate(ProviderManager.java:175) ~[spring-security-core-5.2.1.RELEASE.jar:5.2.1.RELEASE]
	at org.springframework.security.authentication.ProviderManager.authenticate(ProviderManager.java:195) ~[spring-security-core-5.2.1.RELEASE.jar:5.2.1.RELEASE]
	at org.springframework.security.web.authentication.UsernamePasswordAuthenticationFilter.attemptAuthentication(UsernamePasswordAuthenticationFilter.java:95) ~[spring-security-web-5.2.1.RELEASE.jar:5.2.1.RELEASE]
	at org.springframework.security.web.authentication.AbstractAuthenticationProcessingFilter.doFilter(AbstractAuthenticationProcessingFilter.java:212) ~[spring-security-web-5.2.1.RELEASE.jar:5.2.1.RELEASE]
	at org.springframework.security.web.FilterChainProxy$VirtualFilterChain.doFilter(FilterChainProxy.java:334) ~[spring-security-web-5.2.1.RELEASE.jar:5.2.1.RELEASE]
	at org.springframework.security.web.authentication.logout.LogoutFilter.doFilter(LogoutFilter.java:116) ~[spring-security-web-5.2.1.RELEASE.jar:5.2.1.RELEASE]
	at org.springframework.security.web.FilterChainProxy$VirtualFilterChain.doFilter(FilterChainProxy.java:334) ~[spring-security-web-5.2.1.RELEASE.jar:5.2.1.RELEASE]
	at org.springframework.security.web.csrf.CsrfFilter.doFilterInternal(CsrfFilter.java:141) ~[spring-security-web-5.2.1.RELEASE.jar:5.2.1.RELEASE]
	at org.springframework.web.filter.OncePerRequestFilter.doFilter(OncePerRequestFilter.java:119) ~[spring-web-5.2.1.RELEASE.jar:5.2.1.RELEASE]
	at org.springframework.security.web.FilterChainProxy$VirtualFilterChain.doFilter(FilterChainProxy.java:334) ~[spring-security-web-5.2.1.RELEASE.jar:5.2.1.RELEASE]
	at org.springframework.security.web.header.HeaderWriterFilter.doHeadersAfter(HeaderWriterFilter.java:92) ~[spring-security-web-5.2.1.RELEASE.jar:5.2.1.RELEASE]
	at org.springframework.security.web.header.HeaderWriterFilter.doFilterInternal(HeaderWriterFilter.java:77) ~[spring-security-web-5.2.1.RELEASE.jar:5.2.1.RELEASE]
	at org.springframework.web.filter.OncePerRequestFilter.doFilter(OncePerRequestFilter.java:119) ~[spring-web-5.2.1.RELEASE.jar:5.2.1.RELEASE]
	at org.springframework.security.web.FilterChainProxy$VirtualFilterChain.doFilter(FilterChainProxy.java:334) ~[spring-security-web-5.2.1.RELEASE.jar:5.2.1.RELEASE]
	at org.springframework.security.web.context.SecurityContextPersistenceFilter.doFilter(SecurityContextPersistenceFilter.java:105) ~[spring-security-web-5.2.1.RELEASE.jar:5.2.1.RELEASE]
	at org.springframework.security.web.FilterChainProxy$VirtualFilterChain.doFilter(FilterChainProxy.java:334) ~[spring-security-web-5.2.1.RELEASE.jar:5.2.1.RELEASE]
	at org.springframework.security.web.context.request.async.WebAsyncManagerIntegrationFilter.doFilterInternal(WebAsyncManagerIntegrationFilter.java:56) ~[spring-security-web-5.2.1.RELEASE.jar:5.2.1.RELEASE]
	at org.springframework.web.filter.OncePerRequestFilter.doFilter(OncePerRequestFilter.java:119) ~[spring-web-5.2.1.RELEASE.jar:5.2.1.RELEASE]
	at org.springframework.security.web.FilterChainProxy$VirtualFilterChain.doFilter(FilterChainProxy.java:334) ~[spring-security-web-5.2.1.RELEASE.jar:5.2.1.RELEASE]
	at org.springframework.security.web.FilterChainProxy.doFilterInternal(FilterChainProxy.java:215) ~[spring-security-web-5.2.1.RELEASE.jar:5.2.1.RELEASE]
	at org.springframework.security.web.FilterChainProxy.doFilter(FilterChainProxy.java:178) ~[spring-security-web-5.2.1.RELEASE.jar:5.2.1.RELEASE]
	at org.springframework.web.filter.DelegatingFilterProxy.invokeDelegate(DelegatingFilterProxy.java:358) ~[spring-web-5.2.1.RELEASE.jar:5.2.1.RELEASE]
	at org.springframework.web.filter.DelegatingFilterProxy.doFilter(DelegatingFilterProxy.java:271) ~[spring-web-5.2.1.RELEASE.jar:5.2.1.RELEASE]
	at org.apache.catalina.core.ApplicationFilterChain.internalDoFilter(ApplicationFilterChain.java:193) ~[tomcat-embed-core-9.0.27.jar:9.0.27]
	at org.apache.catalina.core.ApplicationFilterChain.doFilter(ApplicationFilterChain.java:166) ~[tomcat-embed-core-9.0.27.jar:9.0.27]
	at org.springframework.web.filter.RequestContextFilter.doFilterInternal(RequestContextFilter.java:100) ~[spring-web-5.2.1.RELEASE.jar:5.2.1.RELEASE]
	at org.springframework.web.filter.OncePerRequestFilter.doFilter(OncePerRequestFilter.java:119) ~[spring-web-5.2.1.RELEASE.jar:5.2.1.RELEASE]
	at org.apache.catalina.core.ApplicationFilterChain.internalDoFilter(ApplicationFilterChain.java:193) ~[tomcat-embed-core-9.0.27.jar:9.0.27]
	at org.apache.catalina.core.ApplicationFilterChain.doFilter(ApplicationFilterChain.java:166) ~[tomcat-embed-core-9.0.27.jar:9.0.27]
	at org.springframework.web.filter.FormContentFilter.doFilterInternal(FormContentFilter.java:93) ~[spring-web-5.2.1.RELEASE.jar:5.2.1.RELEASE]
	at org.springframework.web.filter.OncePerRequestFilter.doFilter(OncePerRequestFilter.java:119) ~[spring-web-5.2.1.RELEASE.jar:5.2.1.RELEASE]
	at org.apache.catalina.core.ApplicationFilterChain.internalDoFilter(ApplicationFilterChain.java:193) ~[tomcat-embed-core-9.0.27.jar:9.0.27]
	at org.apache.catalina.core.ApplicationFilterChain.doFilter(ApplicationFilterChain.java:166) ~[tomcat-embed-core-9.0.27.jar:9.0.27]
	at org.springframework.web.filter.CharacterEncodingFilter.doFilterInternal(CharacterEncodingFilter.java:201) ~[spring-web-5.2.1.RELEASE.jar:5.2.1.RELEASE]
	at org.springframework.web.filter.OncePerRequestFilter.doFilter(OncePerRequestFilter.java:119) ~[spring-web-5.2.1.RELEASE.jar:5.2.1.RELEASE]
	at org.apache.catalina.core.ApplicationFilterChain.internalDoFilter(ApplicationFilterChain.java:193) ~[tomcat-embed-core-9.0.27.jar:9.0.27]
	at org.apache.catalina.core.ApplicationFilterChain.doFilter(ApplicationFilterChain.java:166) ~[tomcat-embed-core-9.0.27.jar:9.0.27]
	at org.apache.catalina.core.StandardWrapperValve.invoke(StandardWrapperValve.java:202) ~[tomcat-embed-core-9.0.27.jar:9.0.27]
	at org.apache.catalina.core.StandardContextValve.invoke(StandardContextValve.java:96) ~[tomcat-embed-core-9.0.27.jar:9.0.27]
	at org.apache.catalina.authenticator.AuthenticatorBase.invoke(AuthenticatorBase.java:526) ~[tomcat-embed-core-9.0.27.jar:9.0.27]
	at org.apache.catalina.core.StandardHostValve.invoke(StandardHostValve.java:139) ~[tomcat-embed-core-9.0.27.jar:9.0.27]
	at org.apache.catalina.valves.ErrorReportValve.invoke(ErrorReportValve.java:92) ~[tomcat-embed-core-9.0.27.jar:9.0.27]
	at org.apache.catalina.core.StandardEngineValve.invoke(StandardEngineValve.java:74) ~[tomcat-embed-core-9.0.27.jar:9.0.27]
	at org.apache.catalina.connector.CoyoteAdapter.service(CoyoteAdapter.java:343) ~[tomcat-embed-core-9.0.27.jar:9.0.27]
	at org.apache.coyote.http11.Http11Processor.service(Http11Processor.java:408) ~[tomcat-embed-core-9.0.27.jar:9.0.27]
	at org.apache.coyote.AbstractProcessorLight.process(AbstractProcessorLight.java:66) ~[tomcat-embed-core-9.0.27.jar:9.0.27]
	at org.apache.coyote.AbstractProtocol$ConnectionHandler.process(AbstractProtocol.java:861) ~[tomcat-embed-core-9.0.27.jar:9.0.27]
	at org.apache.tomcat.util.net.NioEndpoint$SocketProcessor.doRun(NioEndpoint.java:1579) ~[tomcat-embed-core-9.0.27.jar:9.0.27]
	at org.apache.tomcat.util.net.SocketProcessorBase.run(SocketProcessorBase.java:49) ~[tomcat-embed-core-9.0.27.jar:9.0.27]
	at java.base/java.util.concurrent.ThreadPoolExecutor.runWorker(ThreadPoolExecutor.java:1128) ~[na:na]
	at java.base/java.util.concurrent.ThreadPoolExecutor$Worker.run(ThreadPoolExecutor.java:628) ~[na:na]
	at org.apache.tomcat.util.threads.TaskThread$WrappingRunnable.run(TaskThread.java:61) ~[tomcat-embed-core-9.0.27.jar:9.0.27]
	at java.base/java.lang.Thread.run(Thread.java:834) ~[na:na]
Caused by: java.util.NoSuchElementException: No value present
	at java.base/java.util.Optional.orElseThrow(Optional.java:382) ~[na:na]
	at pl.kreft.thesis.ecr.centralsystem.user.service.UserDetailsProvider.loadUserByUsername(UserDetailsProvider.java:29) ~[classes/:na]
	at org.springframework.security.authentication.dao.DaoAuthenticationProvider.retrieveUser(DaoAuthenticationProvider.java:108) ~[spring-security-core-5.2.1.RELEASE.jar:5.2.1.RELEASE]
	... 54 common frames omitted

2020-06-17 15:52:19.902 ERROR 9337 --- [http-nio-8000-exec-8] w.a.UsernamePasswordAuthenticationFilter : An internal error occurred while trying to authenticate the user.

org.springframework.security.authentication.InternalAuthenticationServiceException: No value present
	at org.springframework.security.authentication.dao.DaoAuthenticationProvider.retrieveUser(DaoAuthenticationProvider.java:123) ~[spring-security-core-5.2.1.RELEASE.jar:5.2.1.RELEASE]
	at org.springframework.security.authentication.dao.AbstractUserDetailsAuthenticationProvider.authenticate(AbstractUserDetailsAuthenticationProvider.java:144) ~[spring-security-core-5.2.1.RELEASE.jar:5.2.1.RELEASE]
	at org.springframework.security.authentication.ProviderManager.authenticate(ProviderManager.java:175) ~[spring-security-core-5.2.1.RELEASE.jar:5.2.1.RELEASE]
	at org.springframework.security.authentication.ProviderManager.authenticate(ProviderManager.java:195) ~[spring-security-core-5.2.1.RELEASE.jar:5.2.1.RELEASE]
	at org.springframework.security.web.authentication.UsernamePasswordAuthenticationFilter.attemptAuthentication(UsernamePasswordAuthenticationFilter.java:95) ~[spring-security-web-5.2.1.RELEASE.jar:5.2.1.RELEASE]
	at org.springframework.security.web.authentication.AbstractAuthenticationProcessingFilter.doFilter(AbstractAuthenticationProcessingFilter.java:212) ~[spring-security-web-5.2.1.RELEASE.jar:5.2.1.RELEASE]
	at org.springframework.security.web.FilterChainProxy$VirtualFilterChain.doFilter(FilterChainProxy.java:334) ~[spring-security-web-5.2.1.RELEASE.jar:5.2.1.RELEASE]
	at org.springframework.security.web.authentication.logout.LogoutFilter.doFilter(LogoutFilter.java:116) ~[spring-security-web-5.2.1.RELEASE.jar:5.2.1.RELEASE]
	at org.springframework.security.web.FilterChainProxy$VirtualFilterChain.doFilter(FilterChainProxy.java:334) ~[spring-security-web-5.2.1.RELEASE.jar:5.2.1.RELEASE]
	at org.springframework.security.web.csrf.CsrfFilter.doFilterInternal(CsrfFilter.java:141) ~[spring-security-web-5.2.1.RELEASE.jar:5.2.1.RELEASE]
	at org.springframework.web.filter.OncePerRequestFilter.doFilter(OncePerRequestFilter.java:119) ~[spring-web-5.2.1.RELEASE.jar:5.2.1.RELEASE]
	at org.springframework.security.web.FilterChainProxy$VirtualFilterChain.doFilter(FilterChainProxy.java:334) ~[spring-security-web-5.2.1.RELEASE.jar:5.2.1.RELEASE]
	at org.springframework.security.web.header.HeaderWriterFilter.doHeadersAfter(HeaderWriterFilter.java:92) ~[spring-security-web-5.2.1.RELEASE.jar:5.2.1.RELEASE]
	at org.springframework.security.web.header.HeaderWriterFilter.doFilterInternal(HeaderWriterFilter.java:77) ~[spring-security-web-5.2.1.RELEASE.jar:5.2.1.RELEASE]
	at org.springframework.web.filter.OncePerRequestFilter.doFilter(OncePerRequestFilter.java:119) ~[spring-web-5.2.1.RELEASE.jar:5.2.1.RELEASE]
	at org.springframework.security.web.FilterChainProxy$VirtualFilterChain.doFilter(FilterChainProxy.java:334) ~[spring-security-web-5.2.1.RELEASE.jar:5.2.1.RELEASE]
	at org.springframework.security.web.context.SecurityContextPersistenceFilter.doFilter(SecurityContextPersistenceFilter.java:105) ~[spring-security-web-5.2.1.RELEASE.jar:5.2.1.RELEASE]
	at org.springframework.security.web.FilterChainProxy$VirtualFilterChain.doFilter(FilterChainProxy.java:334) ~[spring-security-web-5.2.1.RELEASE.jar:5.2.1.RELEASE]
	at org.springframework.security.web.context.request.async.WebAsyncManagerIntegrationFilter.doFilterInternal(WebAsyncManagerIntegrationFilter.java:56) ~[spring-security-web-5.2.1.RELEASE.jar:5.2.1.RELEASE]
	at org.springframework.web.filter.OncePerRequestFilter.doFilter(OncePerRequestFilter.java:119) ~[spring-web-5.2.1.RELEASE.jar:5.2.1.RELEASE]
	at org.springframework.security.web.FilterChainProxy$VirtualFilterChain.doFilter(FilterChainProxy.java:334) ~[spring-security-web-5.2.1.RELEASE.jar:5.2.1.RELEASE]
	at org.springframework.security.web.FilterChainProxy.doFilterInternal(FilterChainProxy.java:215) ~[spring-security-web-5.2.1.RELEASE.jar:5.2.1.RELEASE]
	at org.springframework.security.web.FilterChainProxy.doFilter(FilterChainProxy.java:178) ~[spring-security-web-5.2.1.RELEASE.jar:5.2.1.RELEASE]
	at org.springframework.web.filter.DelegatingFilterProxy.invokeDelegate(DelegatingFilterProxy.java:358) ~[spring-web-5.2.1.RELEASE.jar:5.2.1.RELEASE]
	at org.springframework.web.filter.DelegatingFilterProxy.doFilter(DelegatingFilterProxy.java:271) ~[spring-web-5.2.1.RELEASE.jar:5.2.1.RELEASE]
	at org.apache.catalina.core.ApplicationFilterChain.internalDoFilter(ApplicationFilterChain.java:193) ~[tomcat-embed-core-9.0.27.jar:9.0.27]
	at org.apache.catalina.core.ApplicationFilterChain.doFilter(ApplicationFilterChain.java:166) ~[tomcat-embed-core-9.0.27.jar:9.0.27]
	at org.springframework.web.filter.RequestContextFilter.doFilterInternal(RequestContextFilter.java:100) ~[spring-web-5.2.1.RELEASE.jar:5.2.1.RELEASE]
	at org.springframework.web.filter.OncePerRequestFilter.doFilter(OncePerRequestFilter.java:119) ~[spring-web-5.2.1.RELEASE.jar:5.2.1.RELEASE]
	at org.apache.catalina.core.ApplicationFilterChain.internalDoFilter(ApplicationFilterChain.java:193) ~[tomcat-embed-core-9.0.27.jar:9.0.27]
	at org.apache.catalina.core.ApplicationFilterChain.doFilter(ApplicationFilterChain.java:166) ~[tomcat-embed-core-9.0.27.jar:9.0.27]
	at org.springframework.web.filter.FormContentFilter.doFilterInternal(FormContentFilter.java:93) ~[spring-web-5.2.1.RELEASE.jar:5.2.1.RELEASE]
	at org.springframework.web.filter.OncePerRequestFilter.doFilter(OncePerRequestFilter.java:119) ~[spring-web-5.2.1.RELEASE.jar:5.2.1.RELEASE]
	at org.apache.catalina.core.ApplicationFilterChain.internalDoFilter(ApplicationFilterChain.java:193) ~[tomcat-embed-core-9.0.27.jar:9.0.27]
	at org.apache.catalina.core.ApplicationFilterChain.doFilter(ApplicationFilterChain.java:166) ~[tomcat-embed-core-9.0.27.jar:9.0.27]
	at org.springframework.web.filter.CharacterEncodingFilter.doFilterInternal(CharacterEncodingFilter.java:201) ~[spring-web-5.2.1.RELEASE.jar:5.2.1.RELEASE]
	at org.springframework.web.filter.OncePerRequestFilter.doFilter(OncePerRequestFilter.java:119) ~[spring-web-5.2.1.RELEASE.jar:5.2.1.RELEASE]
	at org.apache.catalina.core.ApplicationFilterChain.internalDoFilter(ApplicationFilterChain.java:193) ~[tomcat-embed-core-9.0.27.jar:9.0.27]
	at org.apache.catalina.core.ApplicationFilterChain.doFilter(ApplicationFilterChain.java:166) ~[tomcat-embed-core-9.0.27.jar:9.0.27]
	at org.apache.catalina.core.StandardWrapperValve.invoke(StandardWrapperValve.java:202) ~[tomcat-embed-core-9.0.27.jar:9.0.27]
	at org.apache.catalina.core.StandardContextValve.invoke(StandardContextValve.java:96) ~[tomcat-embed-core-9.0.27.jar:9.0.27]
	at org.apache.catalina.authenticator.AuthenticatorBase.invoke(AuthenticatorBase.java:526) ~[tomcat-embed-core-9.0.27.jar:9.0.27]
	at org.apache.catalina.core.StandardHostValve.invoke(StandardHostValve.java:139) ~[tomcat-embed-core-9.0.27.jar:9.0.27]
	at org.apache.catalina.valves.ErrorReportValve.invoke(ErrorReportValve.java:92) ~[tomcat-embed-core-9.0.27.jar:9.0.27]
	at org.apache.catalina.core.StandardEngineValve.invoke(StandardEngineValve.java:74) ~[tomcat-embed-core-9.0.27.jar:9.0.27]
	at org.apache.catalina.connector.CoyoteAdapter.service(CoyoteAdapter.java:343) ~[tomcat-embed-core-9.0.27.jar:9.0.27]
	at org.apache.coyote.http11.Http11Processor.service(Http11Processor.java:408) ~[tomcat-embed-core-9.0.27.jar:9.0.27]
	at org.apache.coyote.AbstractProcessorLight.process(AbstractProcessorLight.java:66) ~[tomcat-embed-core-9.0.27.jar:9.0.27]
	at org.apache.coyote.AbstractProtocol$ConnectionHandler.process(AbstractProtocol.java:861) ~[tomcat-embed-core-9.0.27.jar:9.0.27]
	at org.apache.tomcat.util.net.NioEndpoint$SocketProcessor.doRun(NioEndpoint.java:1579) ~[tomcat-embed-core-9.0.27.jar:9.0.27]
	at org.apache.tomcat.util.net.SocketProcessorBase.run(SocketProcessorBase.java:49) ~[tomcat-embed-core-9.0.27.jar:9.0.27]
	at java.base/java.util.concurrent.ThreadPoolExecutor.runWorker(ThreadPoolExecutor.java:1128) ~[na:na]
	at java.base/java.util.concurrent.ThreadPoolExecutor$Worker.run(ThreadPoolExecutor.java:628) ~[na:na]
	at org.apache.tomcat.util.threads.TaskThread$WrappingRunnable.run(TaskThread.java:61) ~[tomcat-embed-core-9.0.27.jar:9.0.27]
	at java.base/java.lang.Thread.run(Thread.java:834) ~[na:na]
Caused by: java.util.NoSuchElementException: No value present
	at java.base/java.util.Optional.orElseThrow(Optional.java:382) ~[na:na]
	at pl.kreft.thesis.ecr.centralsystem.user.service.UserDetailsProvider.loadUserByUsername(UserDetailsProvider.java:29) ~[classes/:na]
	at org.springframework.security.authentication.dao.DaoAuthenticationProvider.retrieveUser(DaoAuthenticationProvider.java:108) ~[spring-security-core-5.2.1.RELEASE.jar:5.2.1.RELEASE]
	... 54 common frames omitted

2020-06-17 15:52:35.302  INFO 9337 --- [http-nio-8000-exec-8] p.k.t.e.c.rental.service.RentalService   : Method getAllActiveByUserId called for user Id: 20ebd0bf-f4b8-4ad0-b1eb-01d373250368
2020-06-17 15:53:12.861  INFO 9337 --- [http-nio-8000-exec-2] p.k.t.e.c.rental.service.RentalService   : Method getAllActiveByUserId called for user Id: 20ebd0bf-f4b8-4ad0-b1eb-01d373250368
2020-06-17 15:53:13.551  INFO 9337 --- [http-nio-8000-exec-1] p.k.t.e.c.car.service.CarService         : Returning all free cars
2020-06-17 15:53:15.731  INFO 9337 --- [http-nio-8000-exec-9] p.k.t.e.c.car.service.CarService         : Returning all cars
2020-06-17 15:53:17.618  INFO 9337 --- [http-nio-8000-exec-10] p.k.t.e.c.car.service.CarService         : Returning all cars
2020-06-17 15:53:18.713  INFO 9337 --- [http-nio-8000-exec-7] p.k.t.e.c.car.service.CarService         : Returning all cars
2020-06-17 15:53:20.038  INFO 9337 --- [http-nio-8000-exec-4] p.k.t.e.c.car.service.CarService         : Found car by id: ae98efef-0f84-46e5-bb57-26c69d6b4042
2020-06-17 15:53:20.041  INFO 9337 --- [http-nio-8000-exec-4] p.k.t.e.c.car.service.CarService         : Found car by id: f077c68e-313c-4091-81bf-2805d81d4a13
2020-06-17 15:53:20.757  INFO 9337 --- [http-nio-8000-exec-5] p.k.t.e.c.user.service.UserService       : Found user by id: 20ebd0bf-f4b8-4ad0-b1eb-01d373250368
2020-06-17 15:53:27.409  INFO 9337 --- [http-nio-8000-exec-5] p.k.t.e.c.rental.service.RentalService   : Method getAllActiveByUserId called for user Id: 20ebd0bf-f4b8-4ad0-b1eb-01d373250368
2020-06-17 15:53:50.923  INFO 9337 --- [http-nio-8000-exec-6] p.k.t.e.c.rental.service.RentalService   : Method getAllActiveByUserId called for user Id: 20ebd0bf-f4b8-4ad0-b1eb-01d373250368
2020-06-17 15:53:51.946  INFO 9337 --- [http-nio-8000-exec-3] p.k.t.e.c.rental.service.RentalService   : Method getAllActiveByUserId called for user Id: 20ebd0bf-f4b8-4ad0-b1eb-01d373250368
2020-06-17 15:53:52.566  INFO 9337 --- [http-nio-8000-exec-9] p.k.t.e.c.rental.service.RentalService   : Method getAllActiveByUserId called for user Id: 20ebd0bf-f4b8-4ad0-b1eb-01d373250368
2020-06-17 15:54:17.262  INFO 9337 --- [http-nio-8000-exec-4] p.k.t.e.c.rental.service.RentalService   : Method getAllActiveByUserId called for user Id: 20ebd0bf-f4b8-4ad0-b1eb-01d373250368
2020-06-17 15:54:19.903  INFO 9337 --- [http-nio-8000-exec-5] p.k.t.e.c.rental.service.RentalService   : Method getAllActiveByUserId called for user Id: 20ebd0bf-f4b8-4ad0-b1eb-01d373250368
2020-06-17 15:54:20.739  INFO 9337 --- [http-nio-8000-exec-6] p.k.t.e.c.rental.service.RentalService   : Method getAllActiveByUserId called for user Id: 20ebd0bf-f4b8-4ad0-b1eb-01d373250368
2020-06-17 15:54:50.590  INFO 9337 --- [http-nio-8000-exec-1] p.k.t.e.c.rental.service.RentalService   : Method getAllActiveByUserId called for user Id: 20ebd0bf-f4b8-4ad0-b1eb-01d373250368
2020-06-17 15:54:52.237  INFO 9337 --- [http-nio-8000-exec-8] p.k.t.e.c.rental.service.RentalService   : Method getAllActiveByUserId called for user Id: 20ebd0bf-f4b8-4ad0-b1eb-01d373250368
2020-06-17 15:54:53.084  INFO 9337 --- [http-nio-8000-exec-10] p.k.t.e.c.rental.service.RentalService   : Method getAllActiveByUserId called for user Id: 20ebd0bf-f4b8-4ad0-b1eb-01d373250368
2020-06-17 15:54:54.831  INFO 9337 --- [http-nio-8000-exec-7] p.k.t.e.c.rental.service.RentalService   : Method getAllActiveByUserId called for user Id: 20ebd0bf-f4b8-4ad0-b1eb-01d373250368
2020-06-17 15:54:55.204  INFO 9337 --- [http-nio-8000-exec-2] p.k.t.e.c.rental.service.RentalService   : Method getAllActiveByUserId called for user Id: 20ebd0bf-f4b8-4ad0-b1eb-01d373250368
2020-06-17 15:55:07.772  INFO 9337 --- [http-nio-8000-exec-1] p.k.t.e.c.rental.service.RentalService   : Method getAllActiveByUserId called for user Id: 20ebd0bf-f4b8-4ad0-b1eb-01d373250368
2020-06-17 15:55:08.270  INFO 9337 --- [http-nio-8000-exec-8] p.k.t.e.c.rental.service.RentalService   : Method getAllActiveByUserId called for user Id: 20ebd0bf-f4b8-4ad0-b1eb-01d373250368
2020-06-17 15:55:13.760  INFO 9337 --- [http-nio-8000-exec-10] p.k.t.e.c.rental.service.RentalService   : Method getAllActiveByUserId called for user Id: 20ebd0bf-f4b8-4ad0-b1eb-01d373250368
2020-06-17 15:55:19.847  INFO 9337 --- [http-nio-8000-exec-7] p.k.t.e.c.rental.service.RentalService   : Method getAllActiveByUserId called for user Id: 20ebd0bf-f4b8-4ad0-b1eb-01d373250368
2020-06-17 15:55:20.461  INFO 9337 --- [http-nio-8000-exec-2] p.k.t.e.c.rental.service.RentalService   : Method getAllActiveByUserId called for user Id: 20ebd0bf-f4b8-4ad0-b1eb-01d373250368
2020-06-17 15:55:21.156  INFO 9337 --- [http-nio-8000-exec-1] p.k.t.e.c.rental.service.RentalService   : Method getAllActiveByUserId called for user Id: 20ebd0bf-f4b8-4ad0-b1eb-01d373250368
2020-06-17 15:55:30.672  INFO 9337 --- [http-nio-8000-exec-8] p.k.t.e.c.rental.service.RentalService   : Found rental by id: 1a586b98-8951-45d7-9a22-56807262df17
2020-06-17 15:55:30.678  INFO 9337 --- [http-nio-8000-exec-8] p.k.t.e.c.car.service.CarService         : Found car by id: f077c68e-313c-4091-81bf-2805d81d4a13
2020-06-17 15:55:38.713  INFO 9337 --- [http-nio-8000-exec-3] p.k.t.e.c.rental.service.RentalService   : Method getAllActiveByUserId called for user Id: 20ebd0bf-f4b8-4ad0-b1eb-01d373250368
2020-06-17 15:56:04.658  INFO 9337 --- [http-nio-8000-exec-9] p.k.t.e.c.rental.service.RentalService   : Method getAllActiveByUserId called for user Id: 20ebd0bf-f4b8-4ad0-b1eb-01d373250368
2020-06-17 15:56:06.148  INFO 9337 --- [http-nio-8000-exec-2] p.k.t.e.c.rental.service.RentalService   : Method getAllActiveByUserId called for user Id: 20ebd0bf-f4b8-4ad0-b1eb-01d373250368
2020-06-17 15:56:24.872  INFO 9337 --- [http-nio-8000-exec-1] p.k.t.e.c.rental.service.RentalService   : Method getAllActiveByUserId called for user Id: 20ebd0bf-f4b8-4ad0-b1eb-01d373250368
2020-06-17 15:56:25.389  INFO 9337 --- [http-nio-8000-exec-6] p.k.t.e.c.rental.service.RentalService   : Method getAllActiveByUserId called for user Id: 20ebd0bf-f4b8-4ad0-b1eb-01d373250368
2020-06-17 15:56:28.749  INFO 9337 --- [http-nio-8000-exec-10] p.k.t.e.c.car.service.CarService         : Found car by id: ae98efef-0f84-46e5-bb57-26c69d6b4042
2020-06-17 15:56:28.752  INFO 9337 --- [http-nio-8000-exec-10] p.k.t.e.c.car.service.CarService         : Found car by id: f077c68e-313c-4091-81bf-2805d81d4a13
2020-06-17 15:56:29.500  INFO 9337 --- [http-nio-8000-exec-9] p.k.t.e.c.car.service.CarService         : Found car by id: ae98efef-0f84-46e5-bb57-26c69d6b4042
2020-06-17 15:56:29.502  INFO 9337 --- [http-nio-8000-exec-9] p.k.t.e.c.car.service.CarService         : Found car by id: f077c68e-313c-4091-81bf-2805d81d4a13
2020-06-17 15:56:30.823  INFO 9337 --- [http-nio-8000-exec-2] p.k.t.e.c.car.service.CarService         : Found car by id: ae98efef-0f84-46e5-bb57-26c69d6b4042
2020-06-17 15:56:30.825  INFO 9337 --- [http-nio-8000-exec-2] p.k.t.e.c.car.service.CarService         : Found car by id: f077c68e-313c-4091-81bf-2805d81d4a13
2020-06-17 15:56:56.521  INFO 9337 --- [http-nio-8000-exec-5] p.k.t.e.c.car.service.CarService         : Found car by id: ae98efef-0f84-46e5-bb57-26c69d6b4042
2020-06-17 15:56:56.524  INFO 9337 --- [http-nio-8000-exec-5] p.k.t.e.c.car.service.CarService         : Found car by id: f077c68e-313c-4091-81bf-2805d81d4a13
2020-06-17 15:56:57.832  INFO 9337 --- [http-nio-8000-exec-6] p.k.t.e.c.car.service.CarService         : Found car by id: ae98efef-0f84-46e5-bb57-26c69d6b4042
2020-06-17 15:56:57.834  INFO 9337 --- [http-nio-8000-exec-6] p.k.t.e.c.car.service.CarService         : Found car by id: f077c68e-313c-4091-81bf-2805d81d4a13
2020-06-17 15:56:58.357  INFO 9337 --- [http-nio-8000-exec-10] p.k.t.e.c.car.service.CarService         : Found car by id: ae98efef-0f84-46e5-bb57-26c69d6b4042
2020-06-17 15:56:58.360  INFO 9337 --- [http-nio-8000-exec-10] p.k.t.e.c.car.service.CarService         : Found car by id: f077c68e-313c-4091-81bf-2805d81d4a13
2020-06-17 15:57:10.178  INFO 9337 --- [http-nio-8000-exec-9] p.k.t.e.c.car.service.CarService         : Found car by id: ae98efef-0f84-46e5-bb57-26c69d6b4042
2020-06-17 15:57:10.180  INFO 9337 --- [http-nio-8000-exec-9] p.k.t.e.c.car.service.CarService         : Found car by id: f077c68e-313c-4091-81bf-2805d81d4a13
2020-06-17 15:57:11.305  INFO 9337 --- [http-nio-8000-exec-2] p.k.t.e.c.car.service.CarService         : Found car by id: ae98efef-0f84-46e5-bb57-26c69d6b4042
2020-06-17 15:57:11.308  INFO 9337 --- [http-nio-8000-exec-2] p.k.t.e.c.car.service.CarService         : Found car by id: f077c68e-313c-4091-81bf-2805d81d4a13
2020-06-17 15:57:11.670  INFO 9337 --- [http-nio-8000-exec-5] p.k.t.e.c.car.service.CarService         : Found car by id: ae98efef-0f84-46e5-bb57-26c69d6b4042
2020-06-17 15:57:11.672  INFO 9337 --- [http-nio-8000-exec-5] p.k.t.e.c.car.service.CarService         : Found car by id: f077c68e-313c-4091-81bf-2805d81d4a13
2020-06-17 15:57:18.457  INFO 9337 --- [http-nio-8000-exec-8] p.k.t.e.c.car.service.CarService         : Found car by id: ae98efef-0f84-46e5-bb57-26c69d6b4042
2020-06-17 15:57:18.460  INFO 9337 --- [http-nio-8000-exec-8] p.k.t.e.c.car.service.CarService         : Found car by id: f077c68e-313c-4091-81bf-2805d81d4a13
2020-06-17 15:57:24.194  INFO 9337 --- [http-nio-8000-exec-10] p.k.t.e.c.rental.service.RentalService   : Method getAllActiveByUserId called for user Id: 20ebd0bf-f4b8-4ad0-b1eb-01d373250368
2020-06-17 15:57:34.851  INFO 9337 --- [http-nio-8000-exec-9] p.k.t.e.c.rental.service.RentalService   : Method getAllActiveByUserId called for user Id: 20ebd0bf-f4b8-4ad0-b1eb-01d373250368
2020-06-17 15:57:37.717  INFO 9337 --- [http-nio-8000-exec-2] p.k.t.e.c.user.service.UserService       : Found user by id: 20ebd0bf-f4b8-4ad0-b1eb-01d373250368
2020-06-17 15:57:38.336  INFO 9337 --- [http-nio-8000-exec-7] p.k.t.e.c.car.service.CarService         : Found car by id: ae98efef-0f84-46e5-bb57-26c69d6b4042
2020-06-17 15:57:38.340  INFO 9337 --- [http-nio-8000-exec-7] p.k.t.e.c.car.service.CarService         : Found car by id: f077c68e-313c-4091-81bf-2805d81d4a13
2020-06-17 15:58:12.482  INFO 9337 --- [http-nio-8000-exec-4] p.k.t.e.c.car.service.CarService         : Found car by id: ae98efef-0f84-46e5-bb57-26c69d6b4042
2020-06-17 15:58:12.484  INFO 9337 --- [http-nio-8000-exec-4] p.k.t.e.c.car.service.CarService         : Found car by id: f077c68e-313c-4091-81bf-2805d81d4a13
2020-06-17 15:58:32.123  INFO 9337 --- [http-nio-8000-exec-3] p.k.t.e.c.car.service.CarService         : Found car by id: ae98efef-0f84-46e5-bb57-26c69d6b4042
2020-06-17 15:58:32.125  INFO 9337 --- [http-nio-8000-exec-3] p.k.t.e.c.car.service.CarService         : Found car by id: f077c68e-313c-4091-81bf-2805d81d4a13
2020-06-17 15:58:34.841  INFO 9337 --- [http-nio-8000-exec-6] p.k.t.e.c.car.service.CarService         : Found car by id: ae98efef-0f84-46e5-bb57-26c69d6b4042
2020-06-17 15:58:34.843  INFO 9337 --- [http-nio-8000-exec-6] p.k.t.e.c.car.service.CarService         : Found car by id: f077c68e-313c-4091-81bf-2805d81d4a13
2020-06-17 15:58:35.444  INFO 9337 --- [http-nio-8000-exec-10] p.k.t.e.c.car.service.CarService         : Found car by id: ae98efef-0f84-46e5-bb57-26c69d6b4042
2020-06-17 15:58:35.446  INFO 9337 --- [http-nio-8000-exec-10] p.k.t.e.c.car.service.CarService         : Found car by id: f077c68e-313c-4091-81bf-2805d81d4a13
2020-06-17 15:58:48.162  INFO 9337 --- [http-nio-8000-exec-9] p.k.t.e.c.car.service.CarService         : Found car by id: ae98efef-0f84-46e5-bb57-26c69d6b4042
2020-06-17 15:58:48.165  INFO 9337 --- [http-nio-8000-exec-9] p.k.t.e.c.car.service.CarService         : Found car by id: f077c68e-313c-4091-81bf-2805d81d4a13
2020-06-17 15:58:49.359  INFO 9337 --- [http-nio-8000-exec-2] p.k.t.e.c.car.service.CarService         : Found car by id: ae98efef-0f84-46e5-bb57-26c69d6b4042
2020-06-17 15:58:49.362  INFO 9337 --- [http-nio-8000-exec-2] p.k.t.e.c.car.service.CarService         : Found car by id: f077c68e-313c-4091-81bf-2805d81d4a13
2020-06-17 15:58:53.061  INFO 9337 --- [http-nio-8000-exec-5] p.k.t.e.c.car.service.CarService         : Found car by id: ae98efef-0f84-46e5-bb57-26c69d6b4042
2020-06-17 15:58:53.074  INFO 9337 --- [http-nio-8000-exec-5] p.k.t.e.c.car.service.CarService         : Found car by id: f077c68e-313c-4091-81bf-2805d81d4a13
2020-06-17 15:58:55.541  INFO 9337 --- [http-nio-8000-exec-4] p.k.t.e.c.car.service.CarService         : Found car by id: ae98efef-0f84-46e5-bb57-26c69d6b4042
2020-06-17 15:58:55.543  INFO 9337 --- [http-nio-8000-exec-4] p.k.t.e.c.car.service.CarService         : Found car by id: f077c68e-313c-4091-81bf-2805d81d4a13
2020-06-17 15:59:06.158  INFO 9337 --- [http-nio-8000-exec-1] p.k.t.e.c.rental.service.RentalService   : Method getAllActiveByUserId called for user Id: 20ebd0bf-f4b8-4ad0-b1eb-01d373250368
2020-06-17 15:59:40.768  INFO 9337 --- [http-nio-8000-exec-6] p.k.t.e.c.rental.service.RentalService   : Method getAllActiveByUserId called for user Id: 20ebd0bf-f4b8-4ad0-b1eb-01d373250368
2020-06-17 15:59:42.719  INFO 9337 --- [http-nio-8000-exec-2] p.k.t.e.c.rental.service.RentalService   : Method getAllActiveByUserId called for user Id: 20ebd0bf-f4b8-4ad0-b1eb-01d373250368
2020-06-17 16:00:02.247  INFO 9337 --- [http-nio-8000-exec-5] p.k.t.e.c.rental.service.RentalService   : Method getAllActiveByUserId called for user Id: 20ebd0bf-f4b8-4ad0-b1eb-01d373250368
2020-06-17 16:00:21.108  INFO 9337 --- [http-nio-8000-exec-4] p.k.t.e.c.rental.service.RentalService   : Method getAllActiveByUserId called for user Id: 20ebd0bf-f4b8-4ad0-b1eb-01d373250368
2020-06-17 16:00:28.120  INFO 9337 --- [http-nio-8000-exec-1] p.k.t.e.c.rental.service.RentalService   : Method getAllActiveByUserId called for user Id: 20ebd0bf-f4b8-4ad0-b1eb-01d373250368
2020-06-17 16:00:28.876  INFO 9337 --- [http-nio-8000-exec-6] p.k.t.e.c.car.service.CarService         : Returning all free cars
2020-06-17 16:00:30.636  INFO 9337 --- [http-nio-8000-exec-3] p.k.t.e.c.car.service.CarService         : Returning all cars
2020-06-17 16:00:32.113  INFO 9337 --- [http-nio-8000-exec-7] p.k.t.e.c.car.service.CarService         : Found car by id: ae98efef-0f84-46e5-bb57-26c69d6b4042
2020-06-17 16:00:32.116  INFO 9337 --- [http-nio-8000-exec-7] p.k.t.e.c.car.service.CarService         : Found car by id: f077c68e-313c-4091-81bf-2805d81d4a13
2020-06-17 16:00:33.991  INFO 9337 --- [http-nio-8000-exec-10] p.k.t.e.c.car.service.CarService         : Returning all cars
2020-06-17 16:00:34.711  INFO 9337 --- [http-nio-8000-exec-5] p.k.t.e.c.car.service.CarService         : Found car by id: ae98efef-0f84-46e5-bb57-26c69d6b4042
2020-06-17 16:00:34.714  INFO 9337 --- [http-nio-8000-exec-5] p.k.t.e.c.car.service.CarService         : Found car by id: f077c68e-313c-4091-81bf-2805d81d4a13
2020-06-17 16:00:35.776  INFO 9337 --- [http-nio-8000-exec-8] p.k.t.e.c.car.service.CarService         : Returning all cars
2020-06-17 16:00:37.150  INFO 9337 --- [http-nio-8000-exec-2] p.k.t.e.c.car.service.CarService         : Found car by id: ae98efef-0f84-46e5-bb57-26c69d6b4042
2020-06-17 16:00:37.152  INFO 9337 --- [http-nio-8000-exec-2] p.k.t.e.c.car.service.CarService         : Found car by id: f077c68e-313c-4091-81bf-2805d81d4a13
2020-06-17 16:00:39.047  INFO 9337 --- [http-nio-8000-exec-7] p.k.t.e.c.rental.service.RentalService   : Method getAllActiveByUserId called for user Id: 20ebd0bf-f4b8-4ad0-b1eb-01d373250368
2020-06-17 16:00:40.039  INFO 9337 --- [http-nio-8000-exec-10] p.k.t.e.c.car.service.CarService         : Found car by id: ae98efef-0f84-46e5-bb57-26c69d6b4042
2020-06-17 16:00:40.041  INFO 9337 --- [http-nio-8000-exec-10] p.k.t.e.c.car.service.CarService         : Found car by id: f077c68e-313c-4091-81bf-2805d81d4a13
2020-06-17 16:00:40.909  INFO 9337 --- [http-nio-8000-exec-1] p.k.t.e.c.user.service.UserService       : Found user by id: 20ebd0bf-f4b8-4ad0-b1eb-01d373250368
2020-06-17 16:00:44.153  INFO 9337 --- [http-nio-8000-exec-4] p.k.t.e.c.rental.service.RentalService   : Method getAllActiveByUserId called for user Id: 20ebd0bf-f4b8-4ad0-b1eb-01d373250368
2020-06-17 16:00:45.255  INFO 9337 --- [http-nio-8000-exec-5] p.k.t.e.c.car.service.CarService         : Returning all free cars
2020-06-17 16:00:53.160  INFO 9337 --- [http-nio-8000-exec-6] p.k.t.e.c.car.service.CarService         : Returning all cars
2020-06-17 16:01:22.345  INFO 9337 --- [http-nio-8000-exec-2] p.k.t.e.c.car.service.CarService         : Returning all cars
2020-06-17 16:01:23.804  INFO 9337 --- [http-nio-8000-exec-7] p.k.t.e.c.car.service.CarService         : Returning all cars
2020-06-17 16:01:41.500  INFO 9337 --- [http-nio-8000-exec-3] p.k.t.e.c.car.service.CarService         : Returning all cars
2020-06-17 16:01:50.344  INFO 9337 --- [http-nio-8000-exec-1] p.k.t.e.c.car.service.CarService         : Returning all free cars
2020-06-17 16:01:51.427  INFO 9337 --- [http-nio-8000-exec-10] p.k.t.e.c.rental.service.RentalService   : Method getAllActiveByUserId called for user Id: 20ebd0bf-f4b8-4ad0-b1eb-01d373250368
2020-06-17 16:01:52.771  INFO 9337 --- [http-nio-8000-exec-9] p.k.t.e.c.car.service.CarService         : Returning all cars
2020-06-17 16:01:53.916  INFO 9337 --- [http-nio-8000-exec-6] p.k.t.e.c.car.service.CarService         : Found car by id: ae98efef-0f84-46e5-bb57-26c69d6b4042
2020-06-17 16:01:53.919  INFO 9337 --- [http-nio-8000-exec-6] p.k.t.e.c.car.service.CarService         : Found car by id: f077c68e-313c-4091-81bf-2805d81d4a13
2020-06-17 16:02:22.945  INFO 9337 --- [http-nio-8000-exec-2] p.k.t.e.c.car.service.CarService         : Found car by id: ae98efef-0f84-46e5-bb57-26c69d6b4042
2020-06-17 16:02:22.947  INFO 9337 --- [http-nio-8000-exec-2] p.k.t.e.c.car.service.CarService         : Found car by id: f077c68e-313c-4091-81bf-2805d81d4a13
2020-06-17 16:02:24.484  INFO 9337 --- [http-nio-8000-exec-7] p.k.t.e.c.car.service.CarService         : Found car by id: ae98efef-0f84-46e5-bb57-26c69d6b4042
2020-06-17 16:02:24.485  INFO 9337 --- [http-nio-8000-exec-7] p.k.t.e.c.car.service.CarService         : Found car by id: f077c68e-313c-4091-81bf-2805d81d4a13
2020-06-17 16:02:33.099  INFO 9337 --- [http-nio-8000-exec-10] p.k.t.e.c.rental.service.RentalService   : Method getAllActiveByUserId called for user Id: 20ebd0bf-f4b8-4ad0-b1eb-01d373250368
2020-06-17 16:02:33.849  INFO 9337 --- [http-nio-8000-exec-9] p.k.t.e.c.car.service.CarService         : Returning all free cars
2020-06-17 16:02:35.000  INFO 9337 --- [http-nio-8000-exec-4] p.k.t.e.c.car.service.CarService         : Returning all cars
2020-06-17 16:02:38.434  INFO 9337 --- [http-nio-8000-exec-5] p.k.t.e.c.car.service.CarService         : Returning all cars
2020-06-17 16:02:40.553  INFO 9337 --- [http-nio-8000-exec-6] p.k.t.e.c.car.service.CarService         : Returning all cars
2020-06-17 16:02:41.381  INFO 9337 --- [http-nio-8000-exec-3] p.k.t.e.c.car.service.CarService         : Found car by id: ae98efef-0f84-46e5-bb57-26c69d6b4042
2020-06-17 16:02:41.382  INFO 9337 --- [http-nio-8000-exec-3] p.k.t.e.c.car.service.CarService         : Found car by id: f077c68e-313c-4091-81bf-2805d81d4a13
2020-06-17 16:02:42.435  INFO 9337 --- [http-nio-8000-exec-1] p.k.t.e.c.user.service.UserService       : Found user by id: 20ebd0bf-f4b8-4ad0-b1eb-01d373250368
2020-06-17 16:02:46.396  INFO 9337 --- [http-nio-8000-exec-1] p.k.t.e.c.user.service.UserService       : Found user by id: 20ebd0bf-f4b8-4ad0-b1eb-01d373250368
2020-06-17 16:02:47.562  INFO 9337 --- [http-nio-8000-exec-10] p.k.t.e.c.rental.service.RentalService   : Method getAllActiveByUserId called for user Id: 20ebd0bf-f4b8-4ad0-b1eb-01d373250368
2020-06-17 16:02:48.088  INFO 9337 --- [http-nio-8000-exec-9] p.k.t.e.c.car.service.CarService         : Returning all free cars
2020-06-17 16:03:01.605  INFO 9337 --- [http-nio-8000-exec-9] p.k.t.e.c.car.service.CarService         : Returning all free cars
2020-06-17 16:03:02.424  INFO 9337 --- [http-nio-8000-exec-4] p.k.t.e.c.car.service.CarService         : Returning all cars
2020-06-17 16:03:03.301  INFO 9337 --- [http-nio-8000-exec-5] p.k.t.e.c.car.service.CarService         : Found car by id: ae98efef-0f84-46e5-bb57-26c69d6b4042
2020-06-17 16:03:03.302  INFO 9337 --- [http-nio-8000-exec-5] p.k.t.e.c.car.service.CarService         : Found car by id: f077c68e-313c-4091-81bf-2805d81d4a13
2020-06-17 16:03:04.787  INFO 9337 --- [http-nio-8000-exec-7] p.k.t.e.c.user.service.UserService       : Found user by id: 20ebd0bf-f4b8-4ad0-b1eb-01d373250368
2020-06-17 16:03:51.719  INFO 9337 --- [http-nio-8000-exec-3] p.k.t.e.c.user.service.UserService       : Found user by id: 20ebd0bf-f4b8-4ad0-b1eb-01d373250368
2020-06-17 16:04:09.338  INFO 9337 --- [http-nio-8000-exec-8] p.k.t.e.c.user.service.UserService       : Found user by id: 20ebd0bf-f4b8-4ad0-b1eb-01d373250368
2020-06-17 16:04:24.922  INFO 9337 --- [http-nio-8000-exec-5] p.k.t.e.c.user.service.UserService       : Found user by id: 20ebd0bf-f4b8-4ad0-b1eb-01d373250368
2020-06-17 16:04:35.990  INFO 9337 --- [http-nio-8000-exec-8] p.k.t.e.c.user.service.UserService       : Found user by id: 20ebd0bf-f4b8-4ad0-b1eb-01d373250368
2020-06-17 16:04:37.625  INFO 9337 --- [http-nio-8000-exec-5] p.k.t.e.c.car.service.CarService         : Returning all free cars
2020-06-17 16:04:38.256  INFO 9337 --- [http-nio-8000-exec-8] p.k.t.e.c.rental.service.RentalService   : Method getAllActiveByUserId called for user Id: 20ebd0bf-f4b8-4ad0-b1eb-01d373250368
2020-06-17 16:04:39.561  INFO 9337 --- [http-nio-8000-exec-3] p.k.t.e.c.car.service.CarService         : Returning all cars
2020-06-17 16:04:40.319  INFO 9337 --- [http-nio-8000-exec-1] p.k.t.e.c.car.service.CarService         : Found car by id: ae98efef-0f84-46e5-bb57-26c69d6b4042
2020-06-17 16:04:40.321  INFO 9337 --- [http-nio-8000-exec-1] p.k.t.e.c.car.service.CarService         : Found car by id: f077c68e-313c-4091-81bf-2805d81d4a13
2020-06-17 16:04:41.409  INFO 9337 --- [http-nio-8000-exec-4] p.k.t.e.c.user.service.UserService       : Found user by id: 20ebd0bf-f4b8-4ad0-b1eb-01d373250368
2020-06-17 16:04:46.320  INFO 9337 --- [http-nio-8000-exec-4] p.k.t.e.c.car.service.CarService         : Returning all free cars
2020-06-17 16:04:58.811  INFO 9337 --- [http-nio-8000-exec-9] p.k.t.e.c.car.service.CarService         : Returning all free cars
2020-06-17 16:05:27.021  INFO 9337 --- [http-nio-8000-exec-4] p.k.t.e.c.car.service.CarService         : Returning all free cars
2020-06-17 16:05:28.464  INFO 9337 --- [http-nio-8000-exec-9] p.k.t.e.c.car.service.CarService         : Returning all free cars
2020-06-17 16:05:40.667  INFO 9337 --- [http-nio-8000-exec-4] p.k.t.e.c.car.service.CarService         : Returning all free cars
2020-06-17 16:06:02.402  INFO 9337 --- [http-nio-8000-exec-9] p.k.t.e.c.car.service.CarService         : Returning all free cars
2020-06-17 16:06:24.665  INFO 9337 --- [http-nio-8000-exec-4] p.k.t.e.c.car.service.CarService         : Returning all free cars
2020-06-17 16:07:06.277  INFO 9337 --- [http-nio-8000-exec-9] p.k.t.e.c.car.service.CarService         : Returning all free cars
2020-06-17 16:07:33.686  INFO 9337 --- [http-nio-8000-exec-4] p.k.t.e.c.car.service.CarService         : Returning all cars
2020-06-17 16:07:34.554  INFO 9337 --- [http-nio-8000-exec-5] p.k.t.e.c.car.service.CarService         : Found car by id: ae98efef-0f84-46e5-bb57-26c69d6b4042
2020-06-17 16:07:34.556  INFO 9337 --- [http-nio-8000-exec-5] p.k.t.e.c.car.service.CarService         : Found car by id: f077c68e-313c-4091-81bf-2805d81d4a13
2020-06-17 16:07:35.213  INFO 9337 --- [http-nio-8000-exec-7] p.k.t.e.c.user.service.UserService       : Found user by id: 20ebd0bf-f4b8-4ad0-b1eb-01d373250368
2020-06-17 16:07:42.303  INFO 9337 --- [http-nio-8000-exec-7] p.k.t.e.c.rental.service.RentalService   : Method getAllActiveByUserId called for user Id: 20ebd0bf-f4b8-4ad0-b1eb-01d373250368
2020-06-17 16:07:43.369  INFO 9337 --- [http-nio-8000-exec-2] p.k.t.e.c.car.service.CarService         : Returning all free cars
2020-06-17 16:07:45.019  INFO 9337 --- [http-nio-8000-exec-8] p.k.t.e.c.car.service.CarService         : Found car by id: ae98efef-0f84-46e5-bb57-26c69d6b4042
2020-06-17 16:07:45.020  INFO 9337 --- [http-nio-8000-exec-8] p.k.t.e.c.car.service.CarService         : Found car by id: f077c68e-313c-4091-81bf-2805d81d4a13
2020-06-17 16:07:49.115  INFO 9337 --- [http-nio-8000-exec-1] p.k.t.e.c.rental.service.RentalService   : Method getAllActiveByUserId called for user Id: 20ebd0bf-f4b8-4ad0-b1eb-01d373250368
2020-06-17 16:07:51.057  INFO 9337 --- [http-nio-8000-exec-6] p.k.t.e.c.car.service.CarService         : Returning all free cars
2020-06-17 16:08:27.394  INFO 9337 --- [http-nio-8000-exec-5] p.k.t.e.c.car.service.CarService         : Returning all free cars
2020-06-17 16:08:28.375  INFO 9337 --- [http-nio-8000-exec-6] p.k.t.e.c.car.service.CarService         : Returning all free cars
2020-06-17 16:08:29.921  INFO 9337 --- [http-nio-8000-exec-5] p.k.t.e.c.rental.service.RentalService   : Method getAllActiveByUserId called for user Id: 20ebd0bf-f4b8-4ad0-b1eb-01d373250368
2020-06-17 16:08:30.688  INFO 9337 --- [http-nio-8000-exec-7] p.k.t.e.c.car.service.CarService         : Returning all free cars
2020-06-17 16:08:32.371  INFO 9337 --- [http-nio-8000-exec-9] p.k.t.e.c.car.service.CarService         : Found car by id: ae98efef-0f84-46e5-bb57-26c69d6b4042
2020-06-17 16:08:32.372  INFO 9337 --- [http-nio-8000-exec-9] p.k.t.e.c.car.service.CarService         : Found car by id: f077c68e-313c-4091-81bf-2805d81d4a13
2020-06-17 16:08:34.314  INFO 9337 --- [http-nio-8000-exec-4] p.k.t.e.c.user.service.UserService       : Found user by id: 20ebd0bf-f4b8-4ad0-b1eb-01d373250368
2020-06-17 16:08:38.657  INFO 9337 --- [http-nio-8000-exec-4] p.k.t.e.c.user.service.UserService       : Found user by id: 20ebd0bf-f4b8-4ad0-b1eb-01d373250368
2020-06-17 16:08:39.414  INFO 9337 --- [http-nio-8000-exec-2] p.k.t.e.c.car.service.CarService         : Found car by id: ae98efef-0f84-46e5-bb57-26c69d6b4042
2020-06-17 16:08:39.416  INFO 9337 --- [http-nio-8000-exec-2] p.k.t.e.c.car.service.CarService         : Found car by id: f077c68e-313c-4091-81bf-2805d81d4a13
2020-06-17 16:08:40.235  INFO 9337 --- [http-nio-8000-exec-1] p.k.t.e.c.car.service.CarService         : Returning all cars
2020-06-17 16:08:42.089  INFO 9337 --- [http-nio-8000-exec-6] p.k.t.e.c.car.service.CarService         : Returning all free cars
2020-06-17 16:08:55.223  INFO 9337 --- [http-nio-8000-exec-9] p.k.t.e.c.car.service.CarService         : Returning all free cars
2020-06-17 16:08:56.283  INFO 9337 --- [http-nio-8000-exec-6] p.k.t.e.c.rental.service.RentalService   : Method getAllActiveByUserId called for user Id: 20ebd0bf-f4b8-4ad0-b1eb-01d373250368
2020-06-17 16:08:57.624  INFO 9337 --- [http-nio-8000-exec-5] p.k.t.e.c.car.service.CarService         : Returning all free cars
2020-06-17 16:08:59.163  INFO 9337 --- [http-nio-8000-exec-10] p.k.t.e.c.car.service.CarService         : Returning all cars
2020-06-17 16:08:59.860  INFO 9337 --- [http-nio-8000-exec-8] p.k.t.e.c.car.service.CarService         : Found car by id: ae98efef-0f84-46e5-bb57-26c69d6b4042
2020-06-17 16:08:59.861  INFO 9337 --- [http-nio-8000-exec-8] p.k.t.e.c.car.service.CarService         : Found car by id: f077c68e-313c-4091-81bf-2805d81d4a13
2020-06-17 16:09:00.585  INFO 9337 --- [http-nio-8000-exec-7] p.k.t.e.c.user.service.UserService       : Found user by id: 20ebd0bf-f4b8-4ad0-b1eb-01d373250368
2020-06-17 16:09:35.809  INFO 9337 --- [http-nio-8000-exec-2] p.k.t.e.c.rental.service.RentalService   : Method getAllActiveByUserId called for user Id: 20ebd0bf-f4b8-4ad0-b1eb-01d373250368
2020-06-17 16:09:36.656  INFO 9337 --- [http-nio-8000-exec-1] p.k.t.e.c.car.service.CarService         : Returning all free cars
2020-06-17 16:09:50.507  INFO 9337 --- [http-nio-8000-exec-3] p.k.t.e.c.rental.service.RentalService   : Method getAllActiveByUserId called for user Id: 20ebd0bf-f4b8-4ad0-b1eb-01d373250368
2020-06-17 16:09:51.375  INFO 9337 --- [http-nio-8000-exec-9] p.k.t.e.c.rental.service.RentalService   : Method getAllActiveByUserId called for user Id: 20ebd0bf-f4b8-4ad0-b1eb-01d373250368
2020-06-17 16:09:52.706  INFO 9337 --- [http-nio-8000-exec-4] p.k.t.e.c.car.service.CarService         : Returning all free cars
2020-06-17 16:09:54.169  INFO 9337 --- [http-nio-8000-exec-5] p.k.t.e.c.car.service.CarService         : Returning all cars
2020-06-17 16:09:55.035  INFO 9337 --- [http-nio-8000-exec-10] p.k.t.e.c.user.service.UserService       : Found user by id: 20ebd0bf-f4b8-4ad0-b1eb-01d373250368
2020-06-17 16:09:56.408  INFO 9337 --- [http-nio-8000-exec-8] p.k.t.e.c.car.service.CarService         : Found car by id: ae98efef-0f84-46e5-bb57-26c69d6b4042
2020-06-17 16:09:56.409  INFO 9337 --- [http-nio-8000-exec-8] p.k.t.e.c.car.service.CarService         : Found car by id: f077c68e-313c-4091-81bf-2805d81d4a13
2020-06-17 16:11:19.159  INFO 9337 --- [http-nio-8000-exec-2] p.k.t.e.c.rental.service.RentalService   : Method getAllActiveByUserId called for user Id: 20ebd0bf-f4b8-4ad0-b1eb-01d373250368
2020-06-17 16:11:24.595  INFO 9337 --- [http-nio-8000-exec-5] p.k.t.e.c.car.service.CarService         : Returning all free cars
2020-06-17 16:11:26.355  INFO 9337 --- [http-nio-8000-exec-10] p.k.t.e.c.car.service.CarService         : Found car by id: ae98efef-0f84-46e5-bb57-26c69d6b4042
2020-06-17 16:11:26.356  INFO 9337 --- [http-nio-8000-exec-10] p.k.t.e.c.car.service.CarService         : Found car by id: f077c68e-313c-4091-81bf-2805d81d4a13
2020-06-17 16:11:26.963  INFO 9337 --- [http-nio-8000-exec-9] p.k.t.e.c.user.service.UserService       : Found user by id: 20ebd0bf-f4b8-4ad0-b1eb-01d373250368
2020-06-17 16:14:13.277 ERROR 9337 --- [http-nio-8000-exec-9] w.a.UsernamePasswordAuthenticationFilter : An internal error occurred while trying to authenticate the user.

org.springframework.security.authentication.InternalAuthenticationServiceException: No value present
	at org.springframework.security.authentication.dao.DaoAuthenticationProvider.retrieveUser(DaoAuthenticationProvider.java:123) ~[spring-security-core-5.2.1.RELEASE.jar:5.2.1.RELEASE]
	at org.springframework.security.authentication.dao.AbstractUserDetailsAuthenticationProvider.authenticate(AbstractUserDetailsAuthenticationProvider.java:144) ~[spring-security-core-5.2.1.RELEASE.jar:5.2.1.RELEASE]
	at org.springframework.security.authentication.ProviderManager.authenticate(ProviderManager.java:175) ~[spring-security-core-5.2.1.RELEASE.jar:5.2.1.RELEASE]
	at org.springframework.security.authentication.ProviderManager.authenticate(ProviderManager.java:195) ~[spring-security-core-5.2.1.RELEASE.jar:5.2.1.RELEASE]
	at org.springframework.security.web.authentication.UsernamePasswordAuthenticationFilter.attemptAuthentication(UsernamePasswordAuthenticationFilter.java:95) ~[spring-security-web-5.2.1.RELEASE.jar:5.2.1.RELEASE]
	at org.springframework.security.web.authentication.AbstractAuthenticationProcessingFilter.doFilter(AbstractAuthenticationProcessingFilter.java:212) ~[spring-security-web-5.2.1.RELEASE.jar:5.2.1.RELEASE]
	at org.springframework.security.web.FilterChainProxy$VirtualFilterChain.doFilter(FilterChainProxy.java:334) ~[spring-security-web-5.2.1.RELEASE.jar:5.2.1.RELEASE]
	at org.springframework.security.web.authentication.logout.LogoutFilter.doFilter(LogoutFilter.java:116) ~[spring-security-web-5.2.1.RELEASE.jar:5.2.1.RELEASE]
	at org.springframework.security.web.FilterChainProxy$VirtualFilterChain.doFilter(FilterChainProxy.java:334) ~[spring-security-web-5.2.1.RELEASE.jar:5.2.1.RELEASE]
	at org.springframework.security.web.csrf.CsrfFilter.doFilterInternal(CsrfFilter.java:141) ~[spring-security-web-5.2.1.RELEASE.jar:5.2.1.RELEASE]
	at org.springframework.web.filter.OncePerRequestFilter.doFilter(OncePerRequestFilter.java:119) ~[spring-web-5.2.1.RELEASE.jar:5.2.1.RELEASE]
	at org.springframework.security.web.FilterChainProxy$VirtualFilterChain.doFilter(FilterChainProxy.java:334) ~[spring-security-web-5.2.1.RELEASE.jar:5.2.1.RELEASE]
	at org.springframework.security.web.header.HeaderWriterFilter.doHeadersAfter(HeaderWriterFilter.java:92) ~[spring-security-web-5.2.1.RELEASE.jar:5.2.1.RELEASE]
	at org.springframework.security.web.header.HeaderWriterFilter.doFilterInternal(HeaderWriterFilter.java:77) ~[spring-security-web-5.2.1.RELEASE.jar:5.2.1.RELEASE]
	at org.springframework.web.filter.OncePerRequestFilter.doFilter(OncePerRequestFilter.java:119) ~[spring-web-5.2.1.RELEASE.jar:5.2.1.RELEASE]
	at org.springframework.security.web.FilterChainProxy$VirtualFilterChain.doFilter(FilterChainProxy.java:334) ~[spring-security-web-5.2.1.RELEASE.jar:5.2.1.RELEASE]
	at org.springframework.security.web.context.SecurityContextPersistenceFilter.doFilter(SecurityContextPersistenceFilter.java:105) ~[spring-security-web-5.2.1.RELEASE.jar:5.2.1.RELEASE]
	at org.springframework.security.web.FilterChainProxy$VirtualFilterChain.doFilter(FilterChainProxy.java:334) ~[spring-security-web-5.2.1.RELEASE.jar:5.2.1.RELEASE]
	at org.springframework.security.web.context.request.async.WebAsyncManagerIntegrationFilter.doFilterInternal(WebAsyncManagerIntegrationFilter.java:56) ~[spring-security-web-5.2.1.RELEASE.jar:5.2.1.RELEASE]
	at org.springframework.web.filter.OncePerRequestFilter.doFilter(OncePerRequestFilter.java:119) ~[spring-web-5.2.1.RELEASE.jar:5.2.1.RELEASE]
	at org.springframework.security.web.FilterChainProxy$VirtualFilterChain.doFilter(FilterChainProxy.java:334) ~[spring-security-web-5.2.1.RELEASE.jar:5.2.1.RELEASE]
	at org.springframework.security.web.FilterChainProxy.doFilterInternal(FilterChainProxy.java:215) ~[spring-security-web-5.2.1.RELEASE.jar:5.2.1.RELEASE]
	at org.springframework.security.web.FilterChainProxy.doFilter(FilterChainProxy.java:178) ~[spring-security-web-5.2.1.RELEASE.jar:5.2.1.RELEASE]
	at org.springframework.web.filter.DelegatingFilterProxy.invokeDelegate(DelegatingFilterProxy.java:358) ~[spring-web-5.2.1.RELEASE.jar:5.2.1.RELEASE]
	at org.springframework.web.filter.DelegatingFilterProxy.doFilter(DelegatingFilterProxy.java:271) ~[spring-web-5.2.1.RELEASE.jar:5.2.1.RELEASE]
	at org.apache.catalina.core.ApplicationFilterChain.internalDoFilter(ApplicationFilterChain.java:193) ~[tomcat-embed-core-9.0.27.jar:9.0.27]
	at org.apache.catalina.core.ApplicationFilterChain.doFilter(ApplicationFilterChain.java:166) ~[tomcat-embed-core-9.0.27.jar:9.0.27]
	at org.springframework.web.filter.RequestContextFilter.doFilterInternal(RequestContextFilter.java:100) ~[spring-web-5.2.1.RELEASE.jar:5.2.1.RELEASE]
	at org.springframework.web.filter.OncePerRequestFilter.doFilter(OncePerRequestFilter.java:119) ~[spring-web-5.2.1.RELEASE.jar:5.2.1.RELEASE]
	at org.apache.catalina.core.ApplicationFilterChain.internalDoFilter(ApplicationFilterChain.java:193) ~[tomcat-embed-core-9.0.27.jar:9.0.27]
	at org.apache.catalina.core.ApplicationFilterChain.doFilter(ApplicationFilterChain.java:166) ~[tomcat-embed-core-9.0.27.jar:9.0.27]
	at org.springframework.web.filter.FormContentFilter.doFilterInternal(FormContentFilter.java:93) ~[spring-web-5.2.1.RELEASE.jar:5.2.1.RELEASE]
	at org.springframework.web.filter.OncePerRequestFilter.doFilter(OncePerRequestFilter.java:119) ~[spring-web-5.2.1.RELEASE.jar:5.2.1.RELEASE]
	at org.apache.catalina.core.ApplicationFilterChain.internalDoFilter(ApplicationFilterChain.java:193) ~[tomcat-embed-core-9.0.27.jar:9.0.27]
	at org.apache.catalina.core.ApplicationFilterChain.doFilter(ApplicationFilterChain.java:166) ~[tomcat-embed-core-9.0.27.jar:9.0.27]
	at org.springframework.web.filter.CharacterEncodingFilter.doFilterInternal(CharacterEncodingFilter.java:201) ~[spring-web-5.2.1.RELEASE.jar:5.2.1.RELEASE]
	at org.springframework.web.filter.OncePerRequestFilter.doFilter(OncePerRequestFilter.java:119) ~[spring-web-5.2.1.RELEASE.jar:5.2.1.RELEASE]
	at org.apache.catalina.core.ApplicationFilterChain.internalDoFilter(ApplicationFilterChain.java:193) ~[tomcat-embed-core-9.0.27.jar:9.0.27]
	at org.apache.catalina.core.ApplicationFilterChain.doFilter(ApplicationFilterChain.java:166) ~[tomcat-embed-core-9.0.27.jar:9.0.27]
	at org.apache.catalina.core.StandardWrapperValve.invoke(StandardWrapperValve.java:202) ~[tomcat-embed-core-9.0.27.jar:9.0.27]
	at org.apache.catalina.core.StandardContextValve.invoke(StandardContextValve.java:96) ~[tomcat-embed-core-9.0.27.jar:9.0.27]
	at org.apache.catalina.authenticator.AuthenticatorBase.invoke(AuthenticatorBase.java:526) ~[tomcat-embed-core-9.0.27.jar:9.0.27]
	at org.apache.catalina.core.StandardHostValve.invoke(StandardHostValve.java:139) ~[tomcat-embed-core-9.0.27.jar:9.0.27]
	at org.apache.catalina.valves.ErrorReportValve.invoke(ErrorReportValve.java:92) ~[tomcat-embed-core-9.0.27.jar:9.0.27]
	at org.apache.catalina.core.StandardEngineValve.invoke(StandardEngineValve.java:74) ~[tomcat-embed-core-9.0.27.jar:9.0.27]
	at org.apache.catalina.connector.CoyoteAdapter.service(CoyoteAdapter.java:343) ~[tomcat-embed-core-9.0.27.jar:9.0.27]
	at org.apache.coyote.http11.Http11Processor.service(Http11Processor.java:408) ~[tomcat-embed-core-9.0.27.jar:9.0.27]
	at org.apache.coyote.AbstractProcessorLight.process(AbstractProcessorLight.java:66) ~[tomcat-embed-core-9.0.27.jar:9.0.27]
	at org.apache.coyote.AbstractProtocol$ConnectionHandler.process(AbstractProtocol.java:861) ~[tomcat-embed-core-9.0.27.jar:9.0.27]
	at org.apache.tomcat.util.net.NioEndpoint$SocketProcessor.doRun(NioEndpoint.java:1579) ~[tomcat-embed-core-9.0.27.jar:9.0.27]
	at org.apache.tomcat.util.net.SocketProcessorBase.run(SocketProcessorBase.java:49) ~[tomcat-embed-core-9.0.27.jar:9.0.27]
	at java.base/java.util.concurrent.ThreadPoolExecutor.runWorker(ThreadPoolExecutor.java:1128) ~[na:na]
	at java.base/java.util.concurrent.ThreadPoolExecutor$Worker.run(ThreadPoolExecutor.java:628) ~[na:na]
	at org.apache.tomcat.util.threads.TaskThread$WrappingRunnable.run(TaskThread.java:61) ~[tomcat-embed-core-9.0.27.jar:9.0.27]
	at java.base/java.lang.Thread.run(Thread.java:834) ~[na:na]
Caused by: java.util.NoSuchElementException: No value present
	at java.base/java.util.Optional.orElseThrow(Optional.java:382) ~[na:na]
	at pl.kreft.thesis.ecr.centralsystem.user.service.UserDetailsProvider.loadUserByUsername(UserDetailsProvider.java:29) ~[classes/:na]
	at org.springframework.security.authentication.dao.DaoAuthenticationProvider.retrieveUser(DaoAuthenticationProvider.java:108) ~[spring-security-core-5.2.1.RELEASE.jar:5.2.1.RELEASE]
	... 54 common frames omitted

2020-06-17 16:14:45.629  INFO 9337 --- [http-nio-8000-exec-3] p.k.t.e.c.rental.service.RentalService   : Method getAllActiveByUserId called for user Id: 20ebd0bf-f4b8-4ad0-b1eb-01d373250368
2020-06-17 16:15:13.306  INFO 9337 --- [http-nio-8000-exec-7] p.k.t.e.c.rental.service.RentalService   : Method getAllActiveByUserId called for user Id: 20ebd0bf-f4b8-4ad0-b1eb-01d373250368
2020-06-17 16:15:14.341  INFO 9337 --- [http-nio-8000-exec-2] p.k.t.e.c.rental.service.RentalService   : Method getAllActiveByUserId called for user Id: 20ebd0bf-f4b8-4ad0-b1eb-01d373250368
2020-06-17 16:15:17.975  INFO 9337 --- [http-nio-8000-exec-8] p.k.t.e.c.rental.service.RentalService   : Method getAllActiveByUserId called for user Id: 20ebd0bf-f4b8-4ad0-b1eb-01d373250368
2020-06-17 16:15:19.141  INFO 9337 --- [http-nio-8000-exec-5] p.k.t.e.c.car.service.CarService         : Returning all free cars
2020-06-17 16:15:20.682  INFO 9337 --- [http-nio-8000-exec-10] p.k.t.e.c.car.service.CarService         : Returning all cars
2020-06-17 16:15:21.840  INFO 9337 --- [http-nio-8000-exec-1] p.k.t.e.c.user.service.UserService       : Found user by id: 20ebd0bf-f4b8-4ad0-b1eb-01d373250368
2020-06-17 16:18:02.515  INFO 9337 --- [http-nio-8000-exec-8] p.k.t.e.c.rental.service.RentalService   : Method getAllActiveByUserId called for user Id: 20ebd0bf-f4b8-4ad0-b1eb-01d373250368
